/var/spool/slurmd/job15987162/slurm_script: line 12: venv/bin/activate: No such file or directory
Defaulting to user installation because normal site-packages is not writeable
Requirement already satisfied: ultralytics in /home/sc.uni-leipzig.de/sg42gofy/.local/lib/python3.12/site-packages (8.3.179)
Requirement already satisfied: numpy>=1.23.0 in /home/sc.uni-leipzig.de/sg42gofy/.local/lib/python3.12/site-packages (from ultralytics) (2.2.6)
Requirement already satisfied: matplotlib>=3.3.0 in /home/sc.uni-leipzig.de/sg42gofy/.local/lib/python3.12/site-packages (from ultralytics) (3.9.3)
Requirement already satisfied: opencv-python>=4.6.0 in /home/sc.uni-leipzig.de/sg42gofy/.local/lib/python3.12/site-packages (from ultralytics) (4.12.0.88)
Requirement already satisfied: pillow>=7.1.2 in /home/sc.uni-leipzig.de/sg42gofy/.local/lib/python3.12/site-packages (from ultralytics) (11.0.0)
Requirement already satisfied: pyyaml>=5.3.1 in /home/sc.uni-leipzig.de/sg42gofy/.local/lib/python3.12/site-packages (from ultralytics) (6.0.2)
Requirement already satisfied: requests>=2.23.0 in /home/sc.uni-leipzig.de/sg42gofy/.local/lib/python3.12/site-packages (from ultralytics) (2.32.3)
Requirement already satisfied: scipy>=1.4.1 in /home/sc.uni-leipzig.de/sg42gofy/.local/lib/python3.12/site-packages (from ultralytics) (1.14.1)
Requirement already satisfied: torch>=1.8.0 in /home/sc.uni-leipzig.de/sg42gofy/.local/lib/python3.12/site-packages (from ultralytics) (2.5.1)
Requirement already satisfied: torchvision>=0.9.0 in /home/sc.uni-leipzig.de/sg42gofy/.local/lib/python3.12/site-packages (from ultralytics) (0.20.1)
Requirement already satisfied: tqdm>=4.64.0 in /home/sc.uni-leipzig.de/sg42gofy/.local/lib/python3.12/site-packages (from ultralytics) (4.67.1)
Requirement already satisfied: psutil in /home/sc.uni-leipzig.de/sg42gofy/.local/lib/python3.12/site-packages (from ultralytics) (6.1.0)
Requirement already satisfied: py-cpuinfo in /home/sc.uni-leipzig.de/sg42gofy/.local/lib/python3.12/site-packages (from ultralytics) (9.0.0)
Requirement already satisfied: pandas>=1.1.4 in /home/sc.uni-leipzig.de/sg42gofy/.local/lib/python3.12/site-packages (from ultralytics) (2.2.3)
Requirement already satisfied: ultralytics-thop>=2.0.0 in /home/sc.uni-leipzig.de/sg42gofy/.local/lib/python3.12/site-packages (from ultralytics) (2.0.15)
Requirement already satisfied: contourpy>=1.0.1 in /home/sc.uni-leipzig.de/sg42gofy/.local/lib/python3.12/site-packages (from matplotlib>=3.3.0->ultralytics) (1.3.1)
Requirement already satisfied: cycler>=0.10 in /home/sc.uni-leipzig.de/sg42gofy/.local/lib/python3.12/site-packages (from matplotlib>=3.3.0->ultralytics) (0.12.1)
Requirement already satisfied: fonttools>=4.22.0 in /home/sc.uni-leipzig.de/sg42gofy/.local/lib/python3.12/site-packages (from matplotlib>=3.3.0->ultralytics) (4.55.3)
Requirement already satisfied: kiwisolver>=1.3.1 in /home/sc.uni-leipzig.de/sg42gofy/.local/lib/python3.12/site-packages (from matplotlib>=3.3.0->ultralytics) (1.4.7)
Requirement already satisfied: packaging>=20.0 in /software/easybuild/el9/amd_zen3/all/Python/3.12.3-GCCcore-13.3.0/lib/python3.12/site-packages (from matplotlib>=3.3.0->ultralytics) (24.0)
Requirement already satisfied: pyparsing>=2.3.1 in /home/sc.uni-leipzig.de/sg42gofy/.local/lib/python3.12/site-packages (from matplotlib>=3.3.0->ultralytics) (3.2.0)
Requirement already satisfied: python-dateutil>=2.7 in /home/sc.uni-leipzig.de/sg42gofy/.local/lib/python3.12/site-packages (from matplotlib>=3.3.0->ultralytics) (2.9.0.post0)
Requirement already satisfied: pytz>=2020.1 in /home/sc.uni-leipzig.de/sg42gofy/.local/lib/python3.12/site-packages (from pandas>=1.1.4->ultralytics) (2024.2)
Requirement already satisfied: tzdata>=2022.7 in /home/sc.uni-leipzig.de/sg42gofy/.local/lib/python3.12/site-packages (from pandas>=1.1.4->ultralytics) (2024.2)
Requirement already satisfied: six>=1.5 in /home/sc.uni-leipzig.de/sg42gofy/.local/lib/python3.12/site-packages (from python-dateutil>=2.7->matplotlib>=3.3.0->ultralytics) (1.17.0)
Requirement already satisfied: charset-normalizer<4,>=2 in /home/sc.uni-leipzig.de/sg42gofy/.local/lib/python3.12/site-packages (from requests>=2.23.0->ultralytics) (3.4.0)
Requirement already satisfied: idna<4,>=2.5 in /home/sc.uni-leipzig.de/sg42gofy/.local/lib/python3.12/site-packages (from requests>=2.23.0->ultralytics) (3.10)
Requirement already satisfied: urllib3<3,>=1.21.1 in /home/sc.uni-leipzig.de/sg42gofy/.local/lib/python3.12/site-packages (from requests>=2.23.0->ultralytics) (2.2.3)
Requirement already satisfied: certifi>=2017.4.17 in /home/sc.uni-leipzig.de/sg42gofy/.local/lib/python3.12/site-packages (from requests>=2.23.0->ultralytics) (2024.8.30)
Requirement already satisfied: filelock in /home/sc.uni-leipzig.de/sg42gofy/.local/lib/python3.12/site-packages (from torch>=1.8.0->ultralytics) (3.16.1)
Requirement already satisfied: typing-extensions>=4.8.0 in /home/sc.uni-leipzig.de/sg42gofy/.local/lib/python3.12/site-packages (from torch>=1.8.0->ultralytics) (4.14.1)
Requirement already satisfied: networkx in /home/sc.uni-leipzig.de/sg42gofy/.local/lib/python3.12/site-packages (from torch>=1.8.0->ultralytics) (3.4.2)
Requirement already satisfied: jinja2 in /home/sc.uni-leipzig.de/sg42gofy/.local/lib/python3.12/site-packages (from torch>=1.8.0->ultralytics) (3.1.4)
Requirement already satisfied: fsspec in /home/sc.uni-leipzig.de/sg42gofy/.local/lib/python3.12/site-packages (from torch>=1.8.0->ultralytics) (2024.10.0)
Requirement already satisfied: nvidia-cuda-nvrtc-cu12==12.4.127 in /home/sc.uni-leipzig.de/sg42gofy/.local/lib/python3.12/site-packages (from torch>=1.8.0->ultralytics) (12.4.127)
Requirement already satisfied: nvidia-cuda-runtime-cu12==12.4.127 in /home/sc.uni-leipzig.de/sg42gofy/.local/lib/python3.12/site-packages (from torch>=1.8.0->ultralytics) (12.4.127)
Requirement already satisfied: nvidia-cuda-cupti-cu12==12.4.127 in /home/sc.uni-leipzig.de/sg42gofy/.local/lib/python3.12/site-packages (from torch>=1.8.0->ultralytics) (12.4.127)
Requirement already satisfied: nvidia-cudnn-cu12==9.1.0.70 in /home/sc.uni-leipzig.de/sg42gofy/.local/lib/python3.12/site-packages (from torch>=1.8.0->ultralytics) (9.1.0.70)
Requirement already satisfied: nvidia-cublas-cu12==12.4.5.8 in /home/sc.uni-leipzig.de/sg42gofy/.local/lib/python3.12/site-packages (from torch>=1.8.0->ultralytics) (12.4.5.8)
Requirement already satisfied: nvidia-cufft-cu12==11.2.1.3 in /home/sc.uni-leipzig.de/sg42gofy/.local/lib/python3.12/site-packages (from torch>=1.8.0->ultralytics) (11.2.1.3)
Requirement already satisfied: nvidia-curand-cu12==10.3.5.147 in /home/sc.uni-leipzig.de/sg42gofy/.local/lib/python3.12/site-packages (from torch>=1.8.0->ultralytics) (10.3.5.147)
Requirement already satisfied: nvidia-cusolver-cu12==11.6.1.9 in /home/sc.uni-leipzig.de/sg42gofy/.local/lib/python3.12/site-packages (from torch>=1.8.0->ultralytics) (11.6.1.9)
Requirement already satisfied: nvidia-cusparse-cu12==12.3.1.170 in /home/sc.uni-leipzig.de/sg42gofy/.local/lib/python3.12/site-packages (from torch>=1.8.0->ultralytics) (12.3.1.170)
Requirement already satisfied: nvidia-nccl-cu12==2.21.5 in /home/sc.uni-leipzig.de/sg42gofy/.local/lib/python3.12/site-packages (from torch>=1.8.0->ultralytics) (2.21.5)
Requirement already satisfied: nvidia-nvtx-cu12==12.4.127 in /home/sc.uni-leipzig.de/sg42gofy/.local/lib/python3.12/site-packages (from torch>=1.8.0->ultralytics) (12.4.127)
Requirement already satisfied: nvidia-nvjitlink-cu12==12.4.127 in /home/sc.uni-leipzig.de/sg42gofy/.local/lib/python3.12/site-packages (from torch>=1.8.0->ultralytics) (12.4.127)
Requirement already satisfied: triton==3.1.0 in /home/sc.uni-leipzig.de/sg42gofy/.local/lib/python3.12/site-packages (from torch>=1.8.0->ultralytics) (3.1.0)
Requirement already satisfied: setuptools in /software/easybuild/el9/amd_zen3/all/Python/3.12.3-GCCcore-13.3.0/lib/python3.12/site-packages (from torch>=1.8.0->ultralytics) (70.0.0)
Requirement already satisfied: sympy==1.13.1 in /home/sc.uni-leipzig.de/sg42gofy/.local/lib/python3.12/site-packages (from torch>=1.8.0->ultralytics) (1.13.1)
Requirement already satisfied: mpmath<1.4,>=1.1.0 in /home/sc.uni-leipzig.de/sg42gofy/.local/lib/python3.12/site-packages (from sympy==1.13.1->torch>=1.8.0->ultralytics) (1.3.0)
Requirement already satisfied: MarkupSafe>=2.0 in /home/sc.uni-leipzig.de/sg42gofy/.local/lib/python3.12/site-packages (from jinja2->torch>=1.8.0->ultralytics) (3.0.2)
New https://pypi.org/project/ultralytics/8.3.181 available 😃 Update with 'pip install -U ultralytics'
Ultralytics 8.3.179 🚀 Python-3.12.3 torch-2.5.1+cu124 CUDA:0 (NVIDIA A30, 24062MiB)
[34m[1mengine/trainer: [0magnostic_nms=False, amp=True, augment=False, auto_augment=randaugment, batch=256, bgr=0.0, box=7.5, cache=False, cfg=None, classes=None, close_mosaic=5, cls=0.5, conf=None, copy_paste=0.0, copy_paste_mode=flip, cos_lr=True, cutmix=0.0, data=data.yaml, degrees=0.0, deterministic=True, device=0, dfl=1.5, dnn=False, dropout=0.0, dynamic=False, embed=None, epochs=20, erasing=0.4, exist_ok=False, fliplr=0.5, flipud=0.0, format=torchscript, fraction=1.0, freeze=None, half=False, hsv_h=0.015, hsv_s=0.7, hsv_v=0.4, imgsz=480, int8=False, iou=0.7, keras=False, kobj=1.0, line_width=None, lr0=0.001, lrf=0.0005, mask_ratio=4, max_det=300, mixup=0.0, mode=train, model=results/yolov8s_defect_detector/weights/best.pt, momentum=0.937, mosaic=1.0, multi_scale=False, name=yolov8s_defect_detector_finetune, nbs=64, nms=False, opset=None, optimize=False, optimizer=auto, overlap_mask=True, patience=10, perspective=0.0, plots=True, pose=12.0, pretrained=True, profile=False, project=results, rect=False, resume=False, retina_masks=False, save=True, save_conf=False, save_crop=False, save_dir=results/yolov8s_defect_detector_finetune, save_frames=False, save_json=False, save_period=-1, save_txt=False, scale=0.5, seed=0, shear=0.0, show=False, show_boxes=True, show_conf=True, show_labels=True, simplify=True, single_cls=False, source=None, split=val, stream_buffer=False, task=detect, time=None, tracker=botsort.yaml, translate=0.1, val=True, verbose=True, vid_stride=1, visualize=False, warmup_bias_lr=0.1, warmup_epochs=3.0, warmup_momentum=0.8, weight_decay=0.0005, workers=2, workspace=None

                   from  n    params  module                                       arguments                     
  0                  -1  1       928  ultralytics.nn.modules.conv.Conv             [3, 32, 3, 2]                 
  1                  -1  1     18560  ultralytics.nn.modules.conv.Conv             [32, 64, 3, 2]                
  2                  -1  1     29056  ultralytics.nn.modules.block.C2f             [64, 64, 1, True]             
  3                  -1  1     73984  ultralytics.nn.modules.conv.Conv             [64, 128, 3, 2]               
  4                  -1  2    197632  ultralytics.nn.modules.block.C2f             [128, 128, 2, True]           
  5                  -1  1    295424  ultralytics.nn.modules.conv.Conv             [128, 256, 3, 2]              
  6                  -1  2    788480  ultralytics.nn.modules.block.C2f             [256, 256, 2, True]           
  7                  -1  1   1180672  ultralytics.nn.modules.conv.Conv             [256, 512, 3, 2]              
  8                  -1  1   1838080  ultralytics.nn.modules.block.C2f             [512, 512, 1, True]           
  9                  -1  1    656896  ultralytics.nn.modules.block.SPPF            [512, 512, 5]                 
 10                  -1  1         0  torch.nn.modules.upsampling.Upsample         [None, 2, 'nearest']          
 11             [-1, 6]  1         0  ultralytics.nn.modules.conv.Concat           [1]                           
 12                  -1  1    591360  ultralytics.nn.modules.block.C2f             [768, 256, 1]                 
 13                  -1  1         0  torch.nn.modules.upsampling.Upsample         [None, 2, 'nearest']          
 14             [-1, 4]  1         0  ultralytics.nn.modules.conv.Concat           [1]                           
 15                  -1  1    148224  ultralytics.nn.modules.block.C2f             [384, 128, 1]                 
 16                  -1  1    147712  ultralytics.nn.modules.conv.Conv             [128, 128, 3, 2]              
 17            [-1, 12]  1         0  ultralytics.nn.modules.conv.Concat           [1]                           
 18                  -1  1    493056  ultralytics.nn.modules.block.C2f             [384, 256, 1]                 
 19                  -1  1    590336  ultralytics.nn.modules.conv.Conv             [256, 256, 3, 2]              
 20             [-1, 9]  1         0  ultralytics.nn.modules.conv.Concat           [1]                           
 21                  -1  1   1969152  ultralytics.nn.modules.block.C2f             [768, 512, 1]                 
 22        [15, 18, 21]  1   2118370  ultralytics.nn.modules.head.Detect           [6, [128, 256, 512]]          
Model summary: 129 layers, 11,137,922 parameters, 11,137,906 gradients, 28.7 GFLOPs

Transferred 355/355 items from pretrained weights
Freezing layer 'model.22.dfl.conv.weight'
[34m[1mAMP: [0mrunning Automatic Mixed Precision (AMP) checks...
[34m[1mAMP: [0mchecks passed ✅
[34m[1mtrain: [0mFast image access ✅ (ping: 0.0±0.0 ms, read: 7.3±8.6 MB/s, size: 15.9 KB)
[34m[1mtrain: [0mScanning /home/sc.uni-leipzig.de/sg42gofy/DefectDetectionYOLO/data/labels/train.cache... 1439 images, 0 backgrounds, 0 corru[0m[34m[1mtrain: [0mScanning /home/sc.uni-leipzig.de/sg42gofy/DefectDetectionYOLO/data/labels/train.cache... 1439 images, 0 backgrounds, 0 corru[0m
[34m[1mtrain: [0m/home/sc.uni-leipzig.de/sg42gofy/DefectDetectionYOLO/data/images/train/crazing_120.jpg: 1 duplicate labels removed
[34m[1mtrain: [0m/home/sc.uni-leipzig.de/sg42gofy/DefectDetectionYOLO/data/images/train/inclusion_62.jpg: 1 duplicate labels removed
[34m[1mtrain: [0m/home/sc.uni-leipzig.de/sg42gofy/DefectDetectionYOLO/data/images/train/patches_198.jpg: 1 duplicate labels removed
[34m[1mval: [0mFast image access ✅ (ping: 0.0±0.0 ms, read: 13.5±13.7 MB/s, size: 14.5 KB)
[34m[1mval: [0mScanning /home/sc.uni-leipzig.de/sg42gofy/DefectDetectionYOLO/data/labels/train.cache... 1439 images, 0 backgrounds, 0 corrupt[0m[34m[1mval: [0mScanning /home/sc.uni-leipzig.de/sg42gofy/DefectDetectionYOLO/data/labels/train.cache... 1439 images, 0 backgrounds, 0 corrupt[0m
[34m[1mtrain: [0m/home/sc.uni-leipzig.de/sg42gofy/DefectDetectionYOLO/data/images/train/crazing_120.jpg: 1 duplicate labels removed
[34m[1mtrain: [0m/home/sc.uni-leipzig.de/sg42gofy/DefectDetectionYOLO/data/images/train/inclusion_62.jpg: 1 duplicate labels removed
[34m[1mtrain: [0m/home/sc.uni-leipzig.de/sg42gofy/DefectDetectionYOLO/data/images/train/patches_198.jpg: 1 duplicate labels removed
/home/sc.uni-leipzig.de/sg42gofy/.local/lib/python3.12/site-packages/torch/utils/data/dataloader.py:617: UserWarning: This DataLoader will create 4 worker processes in total. Our suggested max number of worker in current system is 3, which is smaller than what this DataLoader is going to create. Please be aware that excessive worker creation might get DataLoader running slow or even freeze, lower the worker number to avoid potential slowness/freeze if necessary.
  warnings.warn(
Plotting labels to results/yolov8s_defect_detector_finetune/labels.jpg... 
[34m[1moptimizer:[0m 'optimizer=auto' found, ignoring 'lr0=0.001' and 'momentum=0.937' and determining best 'optimizer', 'lr0' and 'momentum' automatically... 
[34m[1moptimizer:[0m AdamW(lr=0.001, momentum=0.9) with parameter groups 57 weight(decay=0.0), 64 weight(decay=0.002), 63 bias(decay=0.0)
Image sizes 480 train, 480 val
Using 2 dataloader workers
Logging results to [1mresults/yolov8s_defect_detector_finetune[0m
Starting training for 20 epochs...

      Epoch    GPU_mem   box_loss   cls_loss   dfl_loss  Instances       Size
  0%|          | 0/6 [00:00<?, ?it/s]  0%|          | 0/6 [00:02<?, ?it/s]
Traceback (most recent call last):
  File "/home/sc.uni-leipzig.de/sg42gofy/DefectDetectionYOLO/src/train.py", line 17, in <module>
    run2 = model_ft.train(
           ^^^^^^^^^^^^^^^
  File "/home/sc.uni-leipzig.de/sg42gofy/.local/lib/python3.12/site-packages/ultralytics/engine/model.py", line 799, in train
    self.trainer.train()
  File "/home/sc.uni-leipzig.de/sg42gofy/.local/lib/python3.12/site-packages/ultralytics/engine/trainer.py", line 227, in train
    self._do_train(world_size)
  File "/home/sc.uni-leipzig.de/sg42gofy/.local/lib/python3.12/site-packages/ultralytics/engine/trainer.py", line 406, in _do_train
    loss, self.loss_items = self.model(batch)
                            ^^^^^^^^^^^^^^^^^
  File "/home/sc.uni-leipzig.de/sg42gofy/.local/lib/python3.12/site-packages/torch/nn/modules/module.py", line 1736, in _wrapped_call_impl
    return self._call_impl(*args, **kwargs)
           ^^^^^^^^^^^^^^^^^^^^^^^^^^^^^^^^
  File "/home/sc.uni-leipzig.de/sg42gofy/.local/lib/python3.12/site-packages/torch/nn/modules/module.py", line 1747, in _call_impl
    return forward_call(*args, **kwargs)
           ^^^^^^^^^^^^^^^^^^^^^^^^^^^^^
  File "/home/sc.uni-leipzig.de/sg42gofy/.local/lib/python3.12/site-packages/ultralytics/nn/tasks.py", line 138, in forward
    return self.loss(x, *args, **kwargs)
           ^^^^^^^^^^^^^^^^^^^^^^^^^^^^^
  File "/home/sc.uni-leipzig.de/sg42gofy/.local/lib/python3.12/site-packages/ultralytics/nn/tasks.py", line 337, in loss
    preds = self.forward(batch["img"]) if preds is None else preds
            ^^^^^^^^^^^^^^^^^^^^^^^^^^
  File "/home/sc.uni-leipzig.de/sg42gofy/.local/lib/python3.12/site-packages/ultralytics/nn/tasks.py", line 139, in forward
    return self.predict(x, *args, **kwargs)
           ^^^^^^^^^^^^^^^^^^^^^^^^^^^^^^^^
  File "/home/sc.uni-leipzig.de/sg42gofy/.local/lib/python3.12/site-packages/ultralytics/nn/tasks.py", line 157, in predict
    return self._predict_once(x, profile, visualize, embed)
           ^^^^^^^^^^^^^^^^^^^^^^^^^^^^^^^^^^^^^^^^^^^^^^^^
  File "/home/sc.uni-leipzig.de/sg42gofy/.local/lib/python3.12/site-packages/ultralytics/nn/tasks.py", line 180, in _predict_once
    x = m(x)  # run
        ^^^^
  File "/home/sc.uni-leipzig.de/sg42gofy/.local/lib/python3.12/site-packages/torch/nn/modules/module.py", line 1736, in _wrapped_call_impl
    return self._call_impl(*args, **kwargs)
           ^^^^^^^^^^^^^^^^^^^^^^^^^^^^^^^^
  File "/home/sc.uni-leipzig.de/sg42gofy/.local/lib/python3.12/site-packages/torch/nn/modules/module.py", line 1747, in _call_impl
    return forward_call(*args, **kwargs)
           ^^^^^^^^^^^^^^^^^^^^^^^^^^^^^
  File "/home/sc.uni-leipzig.de/sg42gofy/.local/lib/python3.12/site-packages/ultralytics/nn/modules/head.py", line 120, in forward
    x[i] = torch.cat((self.cv2[i](x[i]), self.cv3[i](x[i])), 1)
                      ^^^^^^^^^^^^^^^^^
  File "/home/sc.uni-leipzig.de/sg42gofy/.local/lib/python3.12/site-packages/torch/nn/modules/module.py", line 1736, in _wrapped_call_impl
    return self._call_impl(*args, **kwargs)
           ^^^^^^^^^^^^^^^^^^^^^^^^^^^^^^^^
  File "/home/sc.uni-leipzig.de/sg42gofy/.local/lib/python3.12/site-packages/torch/nn/modules/module.py", line 1747, in _call_impl
    return forward_call(*args, **kwargs)
           ^^^^^^^^^^^^^^^^^^^^^^^^^^^^^
  File "/home/sc.uni-leipzig.de/sg42gofy/.local/lib/python3.12/site-packages/torch/nn/modules/container.py", line 250, in forward
    input = module(input)
            ^^^^^^^^^^^^^
  File "/home/sc.uni-leipzig.de/sg42gofy/.local/lib/python3.12/site-packages/torch/nn/modules/module.py", line 1736, in _wrapped_call_impl
    return self._call_impl(*args, **kwargs)
           ^^^^^^^^^^^^^^^^^^^^^^^^^^^^^^^^
  File "/home/sc.uni-leipzig.de/sg42gofy/.local/lib/python3.12/site-packages/torch/nn/modules/module.py", line 1747, in _call_impl
    return forward_call(*args, **kwargs)
           ^^^^^^^^^^^^^^^^^^^^^^^^^^^^^
  File "/home/sc.uni-leipzig.de/sg42gofy/.local/lib/python3.12/site-packages/ultralytics/nn/modules/conv.py", line 80, in forward
    return self.act(self.bn(self.conv(x)))
           ^^^^^^^^^^^^^^^^^^^^^^^^^^^^^^^
  File "/home/sc.uni-leipzig.de/sg42gofy/.local/lib/python3.12/site-packages/torch/nn/modules/module.py", line 1736, in _wrapped_call_impl
    return self._call_impl(*args, **kwargs)
           ^^^^^^^^^^^^^^^^^^^^^^^^^^^^^^^^
  File "/home/sc.uni-leipzig.de/sg42gofy/.local/lib/python3.12/site-packages/torch/nn/modules/module.py", line 1747, in _call_impl
    return forward_call(*args, **kwargs)
           ^^^^^^^^^^^^^^^^^^^^^^^^^^^^^
  File "/home/sc.uni-leipzig.de/sg42gofy/.local/lib/python3.12/site-packages/torch/nn/modules/activation.py", line 432, in forward
    return F.silu(input, inplace=self.inplace)
           ^^^^^^^^^^^^^^^^^^^^^^^^^^^^^^^^^^^
  File "/home/sc.uni-leipzig.de/sg42gofy/.local/lib/python3.12/site-packages/torch/nn/functional.py", line 2379, in silu
    return torch._C._nn.silu_(input)
           ^^^^^^^^^^^^^^^^^^^^^^^^^
torch.OutOfMemoryError: CUDA out of memory. Tried to allocate 114.00 MiB. GPU 0 has a total capacity of 23.50 GiB of which 89.19 MiB is free. Including non-PyTorch memory, this process has 23.39 GiB memory in use. Of the allocated memory 22.95 GiB is allocated by PyTorch, and 144.76 MiB is reserved by PyTorch but unallocated. If reserved but unallocated memory is large try setting PYTORCH_CUDA_ALLOC_CONF=expandable_segments:True to avoid fragmentation.  See documentation for Memory Management  (https://pytorch.org/docs/stable/notes/cuda.html#environment-variables)
terminate called without an active exception
/var/spool/slurmd/job15987162/slurm_script: line 15: 2076944 Aborted                 (core dumped) python src/train.py
